2019-07-31 17:16:53 -03 FATAL:  the database system is starting up
2019-07-31 17:16:53 -03 LOG:  database system was shut down at 2019-07-30 22:37:49 -03
2019-07-31 17:16:53 -03 LOG:  MultiXact member wraparound protections are now enabled
2019-07-31 17:16:53 -03 LOG:  sistema de banco de dados está pronto para aceitar conexões
2019-07-31 17:16:53 -03 LOG:  autovacuum launcher started
2019-07-31 21:46:53 -03 ERROR:  there is no unique constraint matching given keys for referenced table "cordenador"
2019-07-31 21:46:53 -03 STATEMENT:  CREATE TABLE public.projeto
	(
	   id_projeto serial NOT NULL, 
	   nome character varying(40), 
	   id_cord serial NOT NULL, 
	   id_sit serial NOT NULL, 
	   PRIMARY KEY (id_projeto, id_cord, id_sit), 
	   FOREIGN KEY (id_cord) REFERENCES public.cordenador (id_cord) ON UPDATE NO ACTION ON DELETE NO ACTION, 
	   FOREIGN KEY (id_sit) REFERENCES public.situacao (id_sit) ON UPDATE NO ACTION ON DELETE NO ACTION
	) 
	WITH (
	  OIDS = FALSE
	)
	;
	
2019-07-31 21:47:50 -03 ERROR:  there is no unique constraint matching given keys for referenced table "cordenador"
2019-07-31 21:47:50 -03 STATEMENT:  CREATE TABLE public.projeto
	(
	   id_projeto serial NOT NULL, 
	   nome character varying(40), 
	   id_cord serial NOT NULL, 
	   id_sit serial NOT NULL, 
	   PRIMARY KEY (id_projeto, id_cord, id_sit), 
	   FOREIGN KEY (id_cord) REFERENCES public.cordenador (id_cord) ON UPDATE NO ACTION ON DELETE NO ACTION
	) 
	WITH (
	  OIDS = FALSE
	)
	;
	
2019-07-31 21:49:28 -03 ERROR:  there is no unique constraint matching given keys for referenced table "cordenador"
2019-07-31 21:49:28 -03 STATEMENT:  CREATE TABLE public.projeto
	(
	   id_projeto serial NOT NULL, 
	   nome character varying(40), 
	   id_cord serial NOT NULL, 
	   id_sit serial NOT NULL, 
	   PRIMARY KEY (id_projeto), 
	   FOREIGN KEY (id_sit) REFERENCES public.situacao (id_sit) ON UPDATE NO ACTION ON DELETE NO ACTION, 
	   FOREIGN KEY (id_cord) REFERENCES public.cordenador (id_cord) ON UPDATE NO ACTION ON DELETE NO ACTION
	) 
	WITH (
	  OIDS = FALSE
	)
	;
	
2019-07-31 21:58:11 -03 ERROR:  insert or update on table "projeto" violates foreign key constraint "projeto_id_sit_fkey"
2019-07-31 21:58:11 -03 DETAIL:  Key (id_sit)=(51) is not present in table "situacao".
2019-07-31 21:58:11 -03 STATEMENT:  INSERT INTO public.projeto(id_projeto, nome, id_cord, id_sit) VALUES ('1'::integer, 'unai'::character varying(40), '3002'::integer, '51'::integer)
2019-07-31 21:58:16 -03 ERROR:  insert or update on table "projeto" violates foreign key constraint "projeto_id_sit_fkey"
2019-07-31 21:58:16 -03 DETAIL:  Key (id_sit)=(51) is not present in table "situacao".
2019-07-31 21:58:16 -03 STATEMENT:  INSERT INTO public.projeto(id_projeto, nome, id_cord, id_sit) VALUES ('1'::integer, 'unai'::character varying(40), '3002'::integer, '51'::integer)
2019-07-31 21:58:24 -03 ERROR:  insert or update on table "projeto" violates foreign key constraint "projeto_id_sit_fkey"
2019-07-31 21:58:24 -03 DETAIL:  Key (id_sit)=(7) is not present in table "situacao".
2019-07-31 21:58:24 -03 STATEMENT:  INSERT INTO public.projeto(id_projeto, nome, id_cord, id_sit) VALUES ('1'::integer, 'unai'::character varying(40), '3002'::integer, '7'::integer)
2019-07-31 21:58:27 -03 ERROR:  insert or update on table "projeto" violates foreign key constraint "projeto_id_sit_fkey"
2019-07-31 21:58:27 -03 DETAIL:  Key (id_sit)=(7) is not present in table "situacao".
2019-07-31 21:58:27 -03 STATEMENT:  INSERT INTO public.projeto(id_projeto, nome, id_cord, id_sit) VALUES ('1'::integer, 'unai'::character varying(40), '3002'::integer, '7'::integer)
2019-07-31 21:58:30 -03 ERROR:  insert or update on table "projeto" violates foreign key constraint "projeto_id_sit_fkey"
2019-07-31 21:58:30 -03 DETAIL:  Key (id_sit)=(7) is not present in table "situacao".
2019-07-31 21:58:30 -03 STATEMENT:  INSERT INTO public.projeto(id_projeto, nome, id_cord, id_sit) VALUES ('1'::integer, 'unai'::character varying(40), '3002'::integer, '7'::integer)
2019-07-31 22:24:16 -03 LOG:  could not receive data from client: unrecognized winsock error 10054
2019-07-31 22:24:47 -03 LOG:  could not receive data from client: unrecognized winsock error 10054
2019-07-31 22:30:04 -03 LOG:  could not receive data from client: unrecognized winsock error 10054
