2019-08-05 10:35:29 -03 FATAL:  the database system is starting up
2019-08-05 10:35:29 -03 LOG:  database system was shut down at 2019-08-05 10:33:35 -03
2019-08-05 10:35:30 -03 FATAL:  the database system is starting up
2019-08-05 10:35:30 -03 LOG:  MultiXact member wraparound protections are now enabled
2019-08-05 10:35:30 -03 LOG:  sistema de banco de dados está pronto para aceitar conexões
2019-08-05 10:35:31 -03 LOG:  autovacuum launcher started
2019-08-05 10:55:58 -03 LOG:  could not receive data from client: unrecognized winsock error 10054
2019-08-05 10:57:06 -03 ERROR:  column "data" is of type date but expression is of type character varying at character 39
2019-08-05 10:57:06 -03 HINT:  You will need to rewrite or cast the expression.
2019-08-05 10:57:06 -03 STATEMENT:   insert into orientacao (data) values($1) 
2019-08-05 10:57:22 -03 LOG:  could not receive data from client: unrecognized winsock error 10054
2019-08-05 11:00:40 -03 ERROR:  column "data" is of type date but expression is of type character varying at character 39
2019-08-05 11:00:40 -03 HINT:  You will need to rewrite or cast the expression.
2019-08-05 11:00:40 -03 STATEMENT:   insert into orientacao (data) values($1) 
2019-08-05 11:01:00 -03 LOG:  could not receive data from client: unrecognized winsock error 10054
2019-08-05 11:03:53 -03 ERROR:  column "data" is of type date but expression is of type character varying at character 39
2019-08-05 11:03:53 -03 HINT:  You will need to rewrite or cast the expression.
2019-08-05 11:03:53 -03 STATEMENT:   insert into orientacao (data) values($1) 
2019-08-05 11:04:28 -03 LOG:  could not receive data from client: unrecognized winsock error 10054
2019-08-05 11:08:50 -03 LOG:  could not receive data from client: unrecognized winsock error 10054
2019-08-05 11:10:38 -03 ERROR:  column "data" is of type date but expression is of type integer at character 39
2019-08-05 11:10:38 -03 HINT:  You will need to rewrite or cast the expression.
2019-08-05 11:10:38 -03 STATEMENT:   insert into orientacao (data) values($1) 
2019-08-05 11:10:56 -03 LOG:  could not receive data from client: unrecognized winsock error 10054
2019-08-05 11:26:10 -03 ERROR:  column "data" is of type date but expression is of type character varying at character 39
2019-08-05 11:26:10 -03 HINT:  You will need to rewrite or cast the expression.
2019-08-05 11:26:10 -03 STATEMENT:   insert into orientacao (data) values($1) 
2019-08-05 11:26:38 -03 LOG:  could not receive data from client: unrecognized winsock error 10054
2019-08-05 17:22:46 -03 LOG:  could not receive data from client: unrecognized winsock error 10054
2019-08-05 17:22:46 -03 LOG:  could not receive data from client: unrecognized winsock error 10054
2019-08-05 19:40:26 -03 LOG:  could not receive data from client: unrecognized winsock error 10054
2019-08-05 19:57:12 -03 LOG:  could not receive data from client: unrecognized winsock error 10054
