2019-01-24 20:46:44 -03 LOG:  database system was shut down at 2019-01-24 11:12:42 -03
2019-01-24 20:46:44 -03 FATAL:  the database system is starting up
2019-01-24 20:46:44 -03 LOG:  MultiXact member wraparound protections are now enabled
2019-01-24 20:46:44 -03 LOG:  sistema de banco de dados está pronto para aceitar conexões
2019-01-24 20:46:44 -03 LOG:  autovacuum launcher started
2019-01-24 21:17:48 -03 LOG:  could not receive data from client: unrecognized winsock error 10054
2019-01-24 21:19:17 -03 LOG:  could not receive data from client: unrecognized winsock error 10054
2019-01-24 21:20:04 -03 LOG:  could not receive data from client: unrecognized winsock error 10054
2019-01-24 21:53:24 -03 ERROR:  relation "medicos" does not exist at character 13
2019-01-24 21:53:24 -03 STATEMENT:  insert into medicos(nome,especialidade,crm) values ($1,$2,$3)
2019-01-24 21:53:44 -03 LOG:  could not receive data from client: unrecognized winsock error 10054
2019-01-24 21:54:57 -03 ERROR:  relation "medicos" does not exist at character 13
2019-01-24 21:54:57 -03 STATEMENT:  insert into Medicos(nome,especialidade,crm) values ($1,$2,$3)
2019-01-24 21:55:13 -03 LOG:  could not receive data from client: unrecognized winsock error 10054
2019-01-24 21:58:30 -03 ERROR:  relation "medicos" does not exist at character 13
2019-01-24 21:58:30 -03 STATEMENT:  insert into Medicos(nome,especialidade,crm) values ($1,$2,$3)
2019-01-24 22:05:43 -03 ERROR:  relation "medicos" does not exist at character 13
2019-01-24 22:05:43 -03 STATEMENT:  insert into Medicos(nome,especialidade,crm)values($1,$2,$3)
2019-01-24 22:10:33 -03 ERROR:  relation "medicos" does not exist at character 14
2019-01-24 22:10:33 -03 STATEMENT:   insert into Medicos(cod_med,nome,especialidade,crm)values($1,$2,$3)
2019-01-24 22:13:27 -03 ERROR:  relation "medicos" does not exist at character 14
2019-01-24 22:13:27 -03 STATEMENT:   insert into Medicos(nome,especialidade,crm)values($1,$2,$3)
