2019-08-06 19:01:35 -03 LOG:  database system was shut down at 2019-08-06 11:59:40 -03
2019-08-06 19:01:35 -03 FATAL:  the database system is starting up
2019-08-06 19:01:35 -03 LOG:  MultiXact member wraparound protections are now enabled
2019-08-06 19:01:35 -03 LOG:  sistema de banco de dados está pronto para aceitar conexões
2019-08-06 19:01:35 -03 LOG:  autovacuum launcher started
2019-08-06 19:56:13 -03 ERROR:  syntax error at or near "aluno" at character 81
2019-08-06 19:56:13 -03 STATEMENT:   select al.nome  ,coord.nome , proj.nome , sit.estado   from orientacao orijoin aluno al on ori.id_aluno = al.id_aluno join cordenador coord on coord.id_cord = ori.id_cord join projeto proj on proj.id_cord = coord.id_cord join situacao sit on sit.id_sit = proj.id_sit where coord.id_cord = al.id_aluno
2019-08-06 19:56:34 -03 LOG:  could not receive data from client: unrecognized winsock error 10054
2019-08-06 20:10:41 -03 ERROR:  syntax error at or near "aluno" at character 81
2019-08-06 20:10:41 -03 STATEMENT:   select al.nome  ,coord.nome , proj.nome , sit.estado   from orientacao orijoin aluno al on ori.id_aluno = al.id_aluno join cordenador coord on coord.id_cord = ori.id_cord join projeto proj on proj.id_cord = coord.id_cord join situacao sit on sit.id_sit = proj.id_sit where coord.id_cord = al.id_aluno
2019-08-06 20:11:06 -03 LOG:  could not receive data from client: unrecognized winsock error 10054
2019-08-06 20:13:51 -03 ERROR:  syntax error at or near "aluno" at character 81
2019-08-06 20:13:51 -03 STATEMENT:   select al.nome  ,coord.nome , proj.nome , sit.estado   from orientacao orijoin aluno al on ori.id_aluno = al.id_aluno join cordenador coord on coord.id_cord = ori.id_cord join projeto proj on proj.id_cord = coord.id_cord join situacao sit on sit.id_sit = proj.id_sit where coord.id_cord = al.id_aluno
2019-08-06 20:14:04 -03 LOG:  could not receive data from client: unrecognized winsock error 10054
2019-08-06 20:19:54 -03 ERROR:  syntax error at or near "aluno" at character 81
2019-08-06 20:19:54 -03 STATEMENT:   select al.nome  ,coord.nome , proj.nome , sit.estado   from orientacao orijoin aluno al on ori.id_aluno = al.id_aluno join cordenador coord on coord.id_cord = ori.id_cord join projeto proj on proj.id_cord = coord.id_cord join situacao sit on sit.id_sit = proj.id_sit where coord.id_cord = al.id_aluno
2019-08-06 20:20:05 -03 LOG:  could not receive data from client: unrecognized winsock error 10054
2019-08-06 20:22:06 -03 ERROR:  syntax error at or near "aluno" at character 81
2019-08-06 20:22:06 -03 STATEMENT:   select al.nome  ,coord.nome , proj.nome , sit.estado   from orientacao orijoin aluno al on ori.id_aluno = al.id_aluno join cordenador coord on coord.id_cord = ori.id_cord join projeto proj on proj.id_cord = coord.id_cord join situacao sit on sit.id_sit = proj.id_sit where coord.id_cord = al.id_aluno
2019-08-06 20:30:39 -03 LOG:  could not receive data from client: unrecognized winsock error 10054
2019-08-06 20:32:18 -03 ERROR:  syntax error at or near "aluno" at character 81
2019-08-06 20:32:18 -03 STATEMENT:   select al.nome  ,coord.nome , proj.nome , sit.estado   from orientacao orijoin aluno al on ori.id_aluno = al.id_aluno join cordenador coord on coord.id_cord = ori.id_cord join projeto proj on proj.id_cord = coord.id_cord join situacao sit on sit.id_sit = proj.id_sit where coord.id_cord = al.id_aluno
2019-08-06 20:32:40 -03 LOG:  could not receive data from client: unrecognized winsock error 10054
2019-08-06 20:36:33 -03 ERROR:  syntax error at or near "aluno" at character 81
2019-08-06 20:36:33 -03 STATEMENT:   select al.nome  ,coord.nome , proj.nome , sit.estado   from orientacao orijoin aluno al on ori.id_aluno = al.id_aluno join cordenador coord on coord.id_cord = ori.id_cord join projeto proj on proj.id_cord = coord.id_cord join situacao sit on sit.id_sit = proj.id_sit where coord.id_cord = al.id_aluno
2019-08-06 20:37:51 -03 LOG:  could not receive data from client: unrecognized winsock error 10054
